<?xml version='1.0' encoding='UTF-8'?>
<testsuite hostname="Dhirendras-MacBook-Pro.local" name="model.UserSpec" tests="5" errors="0" failures="0" skipped="0" time="0.033" timestamp="2024-07-28T16:15:45">
          <properties>
      <property name="java.specification.version" value="20"/><property name="sun.jnu.encoding" value="UTF-8"/><property name="sun.arch.data.model" value="64"/><property name="java.vendor.url" value="https://adoptium.net/"/><property name="sun.boot.library.path" value="/Users/dhirendrakashyap/Library/Caches/Coursier/arc/https/github.com/adoptium/temurin20-binaries/releases/download/jdk-20%252B36/OpenJDK20U-jre_aarch64_mac_hotspot_20_36.tar.gz/jdk-20+36-jre/Contents/Home/lib"/><property name="sun.java.command" value="/Users/dhirendrakashyap/Library/Caches/Coursier/arc/https/github.com/sbt/sbt/releases/download/v1.10.0/sbt-1.10.0.zip/sbt/bin/sbt-launch.jar clean compile test"/><property name="jdk.debug" value="release"/><property name="java.specification.vendor" value="Oracle Corporation"/><property name="java.version.date" value="2023-03-21"/><property name="java.home" value="/Users/dhirendrakashyap/Library/Caches/Coursier/arc/https/github.com/adoptium/temurin20-binaries/releases/download/jdk-20%252B36/OpenJDK20U-jre_aarch64_mac_hotspot_20_36.tar.gz/jdk-20+36-jre/Contents/Home"/><property name="file.separator" value="/"/><property name="java.vm.compressedOopsMode" value="Zero based"/><property name="line.separator" value="
"/><property name="java.vm.specification.vendor" value="Oracle Corporation"/><property name="java.specification.name" value="Java Platform API Specification"/><property name="sun.management.compiler" value="HotSpot 64-Bit Tiered Compilers"/><property name="java.runtime.version" value="20+36"/><property name="user.name" value="dhirendrakashyap"/><property name="log4j.ignoreTCL" value="true"/><property name="file.encoding" value="UTF-8"/><property name="java.vendor.version" value="Temurin-20+36"/><property name="java.io.tmpdir" value="/var/folders/20/4kcs3msj6yg04qvdvf_9yd0h0000gn/T/"/><property name="java.version" value="20"/><property name="java.vm.specification.name" value="Java Virtual Machine Specification"/><property name="native.encoding" value="UTF-8"/><property name="java.library.path" value="/Users/dhirendrakashyap/Library/Java/Extensions:/Library/Java/Extensions:/Network/Library/Java/Extensions:/System/Library/Java/Extensions:/usr/lib/java:."/><property name="stderr.encoding" value="UTF-8"/><property name="java.vendor" value="Eclipse Adoptium"/><property name="scala.ext.dirs" value="/Users/dhirendrakashyap/.sbt/1.0/java9-rt-ext-eclipse_adoptium_20"/><property name="sun.io.unicode.encoding" value="UnicodeBig"/><property name="socksNonProxyHosts" value="local|*.local|169.254/16|*.169.254/16"/><property name="java.class.path" value="/Users/dhirendrakashyap/Library/Caches/Coursier/arc/https/github.com/sbt/sbt/releases/download/v1.10.0/sbt-1.10.0.zip/sbt/bin/sbt-launch.jar"/><property name="java.vm.vendor" value="Eclipse Adoptium"/><property name="jline.shutdownhook" value="false"/><property name="user.timezone" value="Asia/Kolkata"/><property name="java.vm.specification.version" value="20"/><property name="os.name" value="Mac OS X"/><property name="sun.java.launcher" value="SUN_STANDARD"/><property name="user.country" value="IN"/><property name="http.nonProxyHosts" value="local|*.local|169.254/16|*.169.254/16"/><property name="sun.cpu.endian" value="little"/><property name="user.home" value="/Users/dhirendrakashyap"/><property name="user.language" value="en"/><property name="sbt.script" value="/Users/dhirendrakashyap/Library/Caches/Coursier/arc/https/github.com/sbt/sbt/releases/download/v1.10.0/sbt-1.10.0.zip/sbt/bin/sbt"/><property name="sbt.ipcsocket.tmpdir" value="/var/folders/20/4kcs3msj6yg04qvdvf_9yd0h0000gn/T/.sbtda8524fe/ipcsocket"/><property name="swoval.tmpdir" value="/var/folders/20/4kcs3msj6yg04qvdvf_9yd0h0000gn/T/.sbtda8524fe/swoval"/><property name="apple.awt.application.name" value="Boot"/><property name="jline.esc.timeout" value="0"/><property name="ftp.nonProxyHosts" value="local|*.local|169.254/16|*.169.254/16"/><property name="stdout.encoding" value="UTF-8"/><property name="path.separator" value=":"/><property name="os.version" value="14.5"/><property name="jna.nosys" value="true"/><property name="java.runtime.name" value="OpenJDK Runtime Environment"/><property name="java.vm.name" value="OpenJDK 64-Bit Server VM"/><property name="java.vendor.url.bug" value="https://github.com/adoptium/adoptium-support/issues"/><property name="user.dir" value="/Users/dhirendrakashyap/Projects/UserService"/><property name="os.arch" value="aarch64"/><property name="java.vm.info" value="mixed mode"/><property name="java.vm.version" value="20+36"/><property name="java.class.version" value="64.0"/>
    </properties>
          <testcase classname="model.UserSpec" name="User should correctly serialize to JSON" time="0.031">
                      
                    </testcase><testcase classname="model.UserSpec" name="User should correctly deserialize from JSON" time="0.001">
                      
                    </testcase><testcase classname="model.UserSpec" name="User should correctly handle JSON serialization and deserialization" time="0.0">
                      
                    </testcase><testcase classname="model.UserSpec" name="User should have the correct default values when created" time="0.0">
                      
                    </testcase><testcase classname="model.UserSpec" name="User should handle different user values correctly" time="0.001">
                      
                    </testcase>
          <system-out><![CDATA[]]></system-out>
          <system-err><![CDATA[]]></system-err>
        </testsuite>